# JRE version: Java(TM) SE Runtime Environment (8.0_301-b09) (build 1.8.0_301-b09)
# Java VM: Java HotSpot(TM) 64-Bit Server VM (25.301-b09 mixed mode windows-amd64 compressed oops)
Heap:
 PSYoungGen      total 35328K, used 12741K [0x00000000d8d80000, 0x00000000db480000, 0x0000000100000000)
  eden space 30720K, 26% used [0x00000000d8d80000,0x00000000d9575c20,0x00000000dab80000)
  from space 4608K, 99% used [0x00000000db000000,0x00000000db47b880,0x00000000db480000)
  to   space 4608K, 0% used [0x00000000dab80000,0x00000000dab80000,0x00000000db000000)
 ParOldGen       total 59904K, used 18822K [0x000000008a800000, 0x000000008e280000, 0x00000000d8d80000)
  object space 59904K, 31% used [0x000000008a800000,0x000000008ba61998,0x000000008e280000)
 Metaspace       used 28886K, capacity 30566K, committed 30720K, reserved 1075200K
  class space    used 3971K, capacity 4300K, committed 4352K, reserved 1048576K
GC Heap History (10 events):
Event: 0.836 GC heap before
{Heap before GC invocations=1 (full 0):
 PSYoungGen      total 35328K, used 22813K [0x00000000d8d80000, 0x00000000db480000, 0x0000000100000000)
  eden space 30720K, 74% used [0x00000000d8d80000,0x00000000da3c7608,0x00000000dab80000)
  from space 4608K, 0% used [0x00000000db000000,0x00000000db000000,0x00000000db480000)
  to   space 4608K, 0% used [0x00000000dab80000,0x00000000dab80000,0x00000000db000000)
 ParOldGen       total 80896K, used 0K [0x000000008a800000, 0x000000008f700000, 0x00000000d8d80000)
  object space 80896K, 0% used [0x000000008a800000,0x000000008a800000,0x000000008f700000)
 Metaspace       used 12133K, capacity 12712K, committed 12800K, reserved 1060864K
  class space    used 1644K, capacity 1784K, committed 1792K, reserved 1048576K
Event: 0.841 GC heap after
Heap after GC invocations=1 (full 0):
 PSYoungGen      total 35328K, used 3808K [0x00000000d8d80000, 0x00000000db480000, 0x0000000100000000)
  eden space 30720K, 0% used [0x00000000d8d80000,0x00000000d8d80000,0x00000000dab80000)
  from space 4608K, 82% used [0x00000000dab80000,0x00000000daf38040,0x00000000db000000)
  to   space 4608K, 0% used [0x00000000db000000,0x00000000db000000,0x00000000db480000)
 ParOldGen       total 80896K, used 80K [0x000000008a800000, 0x000000008f700000, 0x00000000d8d80000)
  object space 80896K, 0% used [0x000000008a800000,0x000000008a814010,0x000000008f700000)
 Metaspace       used 12133K, capacity 12712K, committed 12800K, reserved 1060864K
  class space    used 1644K, capacity 1784K, committed 1792K, reserved 1048576K
}
Event: 3.005 GC heap before
{Heap before GC invocations=2 (full 0):
 PSYoungGen      total 35328K, used 34528K [0x00000000d8d80000, 0x00000000db480000, 0x0000000100000000)
  eden space 30720K, 100% used [0x00000000d8d80000,0x00000000dab80000,0x00000000dab80000)
  from space 4608K, 82% used [0x00000000dab80000,0x00000000daf38040,0x00000000db000000)
  to   space 4608K, 0% used [0x00000000db000000,0x00000000db000000,0x00000000db480000)
 ParOldGen       total 80896K, used 80K [0x000000008a800000, 0x000000008f700000, 0x00000000d8d80000)
  object space 80896K, 0% used [0x000000008a800000,0x000000008a814010,0x000000008f700000)
 Metaspace       used 18454K, capacity 19804K, committed 19968K, reserved 1067008K
  class space    used 2782K, capacity 3010K, committed 3072K, reserved 1048576K
Event: 3.015 GC heap after
Heap after GC invocations=2 (full 0):
 PSYoungGen      total 35328K, used 4592K [0x00000000d8d80000, 0x00000000db480000, 0x0000000100000000)
  eden space 30720K, 0% used [0x00000000d8d80000,0x00000000d8d80000,0x00000000dab80000)
  from space 4608K, 99% used [0x00000000db000000,0x00000000db47c040,0x00000000db480000)
  to   space 4608K, 0% used [0x00000000dab80000,0x00000000dab80000,0x00000000db000000)
 ParOldGen       total 80896K, used 11206K [0x000000008a800000, 0x000000008f700000, 0x00000000d8d80000)
  object space 80896K, 13% used [0x000000008a800000,0x000000008b2f1860,0x000000008f700000)
 Metaspace       used 18454K, capacity 19804K, committed 19968K, reserved 1067008K
  class space    used 2782K, capacity 3010K, committed 3072K, reserved 1048576K
}
Event: 12.263 GC heap before
{Heap before GC invocations=3 (full 0):
 PSYoungGen      total 35328K, used 9357K [0x00000000d8d80000, 0x00000000db480000, 0x0000000100000000)
  eden space 30720K, 15% used [0x00000000d8d80000,0x00000000d9227550,0x00000000dab80000)
  from space 4608K, 99% used [0x00000000db000000,0x00000000db47c040,0x00000000db480000)
  to   space 4608K, 0% used [0x00000000dab80000,0x00000000dab80000,0x00000000db000000)
 ParOldGen       total 80896K, used 11206K [0x000000008a800000, 0x000000008f700000, 0x00000000d8d80000)
  object space 80896K, 13% used [0x000000008a800000,0x000000008b2f1860,0x000000008f700000)
 Metaspace       used 19820K, capacity 21236K, committed 21296K, reserved 1067008K
  class space    used 2922K, capacity 3175K, committed 3200K, reserved 1048576K
Event: 12.270 GC heap after
Heap after GC invocations=3 (full 0):
 PSYoungGen      total 35328K, used 4576K [0x00000000d8d80000, 0x00000000db480000, 0x0000000100000000)
  eden space 30720K, 0% used [0x00000000d8d80000,0x00000000d8d80000,0x00000000dab80000)
  from space 4608K, 99% used [0x00000000dab80000,0x00000000daff8030,0x00000000db000000)
  to   space 4608K, 0% used [0x00000000db000000,0x00000000db000000,0x00000000db480000)
 ParOldGen       total 80896K, used 12205K [0x000000008a800000, 0x000000008f700000, 0x00000000d8d80000)
  object space 80896K, 15% used [0x000000008a800000,0x000000008b3eb6b8,0x000000008f700000)
 Metaspace       used 19820K, capacity 21236K, committed 21296K, reserved 1067008K
  class space    used 2922K, capacity 3175K, committed 3200K, reserved 1048576K
}
Event: 12.270 GC heap before
{Heap before GC invocations=4 (full 1):
 PSYoungGen      total 35328K, used 4576K [0x00000000d8d80000, 0x00000000db480000, 0x0000000100000000)
  eden space 30720K, 0% used [0x00000000d8d80000,0x00000000d8d80000,0x00000000dab80000)
  from space 4608K, 99% used [0x00000000dab80000,0x00000000daff8030,0x00000000db000000)
  to   space 4608K, 0% used [0x00000000db000000,0x00000000db000000,0x00000000db480000)
 ParOldGen       total 80896K, used 12205K [0x000000008a800000, 0x000000008f700000, 0x00000000d8d80000)
  object space 80896K, 15% used [0x000000008a800000,0x000000008b3eb6b8,0x000000008f700000)
 Metaspace       used 19820K, capacity 21236K, committed 21296K, reserved 1067008K
  class space    used 2922K, capacity 3175K, committed 3200K, reserved 1048576K
Event: 12.327 GC heap after
Heap after GC invocations=4 (full 1):
 PSYoungGen      total 35328K, used 0K [0x00000000d8d80000, 0x00000000db480000, 0x0000000100000000)
  eden space 30720K, 0% used [0x00000000d8d80000,0x00000000d8d80000,0x00000000dab80000)
  from space 4608K, 0% used [0x00000000dab80000,0x00000000dab80000,0x00000000db000000)
  to   space 4608K, 0% used [0x00000000db000000,0x00000000db000000,0x00000000db480000)
 ParOldGen       total 59904K, used 16394K [0x000000008a800000, 0x000000008e280000, 0x00000000d8d80000)
  object space 59904K, 27% used [0x000000008a800000,0x000000008b802aa8,0x000000008e280000)
 Metaspace       used 19820K, capacity 21236K, committed 21296K, reserved 1067008K
  class space    used 2922K, capacity 3175K, committed 3200K, reserved 1048576K
}
Event: 14.043 GC heap before
{Heap before GC invocations=5 (full 1):
 PSYoungGen      total 35328K, used 30720K [0x00000000d8d80000, 0x00000000db480000, 0x0000000100000000)
  eden space 30720K, 100% used [0x00000000d8d80000,0x00000000dab80000,0x00000000dab80000)
  from space 4608K, 0% used [0x00000000dab80000,0x00000000dab80000,0x00000000db000000)
  to   space 4608K, 0% used [0x00000000db000000,0x00000000db000000,0x00000000db480000)
 ParOldGen       total 59904K, used 16394K [0x000000008a800000, 0x000000008e280000, 0x00000000d8d80000)
  object space 59904K, 27% used [0x000000008a800000,0x000000008b802aa8,0x000000008e280000)
 Metaspace       used 27985K, capacity 29562K, committed 29824K, reserved 1075200K
  class space    used 3909K, capacity 4216K, committed 4224K, reserved 1048576K
Event: 14.049 GC heap after
Heap after GC invocations=5 (full 1):
 PSYoungGen      total 35328K, used 4590K [0x00000000d8d80000, 0x00000000db480000, 0x0000000100000000)
  eden space 30720K, 0% used [0x00000000d8d80000,0x00000000d8d80000,0x00000000dab80000)
  from space 4608K, 99% used [0x00000000db000000,0x00000000db47b880,0x00000000db480000)
  to   space 4608K, 0% used [0x00000000dab80000,0x00000000dab80000,0x00000000db000000)
 ParOldGen       total 59904K, used 18822K [0x000000008a800000, 0x000000008e280000, 0x00000000d8d80000)
  object space 59904K, 31% used [0x000000008a800000,0x000000008ba61998,0x000000008e280000)
 Metaspace       used 27985K, capacity 29562K, committed 29824K, reserved 1075200K
  class space    used 3909K, capacity 4216K, committed 4224K, reserved 1048576K
}

